<?xml version="1.0" encoding="UTF-8"?>
<testsuite xmlns:xsi="http://www.w3.org/2001/XMLSchema-instance" xsi:noNamespaceSchemaLocation="https://maven.apache.org/surefire/maven-surefire-plugin/xsd/surefire-test-report-3.0.xsd" version="3.0" name="br.edu.fateccotia.boratroca.controller.LivroControllerTest" time="1.652" tests="6" errors="0" skipped="0" failures="0">
  <properties>
[...]
</properties>
  <testcase name="testFindAll" classname="br.edu.fateccotia.boratroca.controller.LivroControllerTest" time="1.461"/>
  <testcase name="testPesquisarLivro" classname="br.edu.fateccotia.boratroca.controller.LivroControllerTest" time="0.014"/>
  <testcase name="testFindByIdLivro" classname="br.edu.fateccotia.boratroca.controller.LivroControllerTest" time="0.008"/>
  <testcase name="testCadastrar" classname="br.edu.fateccotia.boratroca.controller.LivroControllerTest" time="0.011"/>
  <testcase name="testAlterarLivro" classname="br.edu.fateccotia.boratroca.controller.LivroControllerTest" time="0.012"/>
  <testcase name="testDeletarLivro" classname="br.edu.fateccotia.boratroca.controller.LivroControllerTest" time="0.009"/>
</testsuite>