<?xml version="1.0" encoding="UTF-8"?>
<testsuite xmlns:xsi="http://www.w3.org/2001/XMLSchema-instance" xsi:noNamespaceSchemaLocation="https://maven.apache.org/surefire/maven-surefire-plugin/xsd/surefire-test-report-3.0.xsd" version="3.0" name="br.edu.fateccotia.boratroca.controller.UsuarioControllerTest" time="0.122" tests="5" errors="0" skipped="0" failures="0">
  <properties>
[...]
</properties>
  <testcase name="testCreateUsuarioEmailExists" classname="br.edu.fateccotia.boratroca.controller.UsuarioControllerTest" time="0.067"/>
  <testcase name="testMostrarPerfilForbidden" classname="br.edu.fateccotia.boratroca.controller.UsuarioControllerTest" time="0.003"/>
  <testcase name="testMostrarPerfilSuccess" classname="br.edu.fateccotia.boratroca.controller.UsuarioControllerTest" time="0.007"/>
  <testcase name="testLogarUsuarioSuccess" classname="br.edu.fateccotia.boratroca.controller.UsuarioControllerTest" time="0.034"/>
  <testcase name="testCreateUsuarioSuccess" classname="br.edu.fateccotia.boratroca.controller.UsuarioControllerTest" time="0.004"/>
</testsuite>